2018-09-06 17:48:36,209 : INFO : Fitting local TFIDF weights from: /almac/ignacio/data/INEXQA2012corpus/wikiEn_sts_clean_ph2_1G.txt ...
2018-09-06 17:49:48,096 : INFO : Fitting local TFIDF weights from: /almac/ignacio/data/INEXQA2012corpus/wikiEn_sts_clean_ph2_1G.txt ...
2018-09-06 17:52:08,104 : INFO : Instantiating index object...
2018-09-06 17:52:08,106 : INFO : Starting to build index into DB file /almac/ignacio/data/INEXQA2012corpus/wikiEn_sts_clean_ph2_1G.txt.db
2018-09-06 18:19:44,164 : INFO : Index fitted!!
2018-09-06 18:19:44,165 : INFO : Output database: /almac/ignacio/data/INEXQA2012corpus/wikiEn_sts_clean_ph2_1G.txt.db
2018-09-06 18:19:44,165 : INFO : Fitting Kmeans centroids for sparse coding ...
2018-09-06 18:19:50,589 : INFO : Fitting local TFIDF weights from: /almac/ignacio/data/INEXQA2012corpus/wikiEn_sts_clean_ph2_1G.txt ...
2018-09-06 18:22:13,318 : INFO : Instantiating index object...
2018-09-06 18:25:58,368 : INFO : Loaded index database properties and connections..
2018-09-06 18:27:26,272 : INFO : Loaded index database properties and connections..
2018-09-06 18:27:26,747 : INFO : Index loaded from DB file /almac/ignacio/data/INEXQA2012corpus/wikiEn_sts_clean_ph2_1G.txt.db
2018-09-06 18:27:26,775 : INFO : Fitting Sparse Random Projections for sparse coding ...
2018-09-08 13:55:17,984 : INFO : Fitting local TFIDF weights from: ../data/INEXQA2012corpus/wikiEn_sts_clean_ph2_shuf100k.txt ...
2018-09-08 13:55:44,326 : INFO : Instantiating index object...
2018-09-08 13:55:44,337 : INFO : Starting to build index into DB file ../data/INEXQA2012corpus/wikiEn_sts_clean_ph2_shuf100k.txt.db
2018-09-08 14:01:29,469 : INFO : Index fitted!!
2018-09-08 14:01:29,469 : INFO : Output database: ../data/INEXQA2012corpus/wikiEn_sts_clean_ph2_shuf100k.txt.db
2018-09-08 14:01:29,469 : INFO : Fitting Kmeans centroids for sparse coding ...
2018-09-08 14:02:08,947 : INFO : Loaded index database properties and connections..
/usr/local/lib/python3.4/dist-packages/sklearn/feature_extraction/text.py:1039: FutureWarning: Conversion of the second argument of issubdtype from `float` to `np.floating` is deprecated. In future, it will be treated as `np.float64 == np.dtype(float).type`.
  if hasattr(X, 'dtype') and np.issubdtype(X.dtype, np.float):
2018-09-09 00:23:55,982 : INFO : DB Vocabulary size 846267 ...
2018-09-09 00:23:55,982 : INFO : Vectorizer vocabulary size 845951 ...
2018-09-09 00:23:55,990 : INFO : Shape of resulting embedding matrix: (200, 845951)
2018-09-09 00:23:55,990 : INFO : Writing word vectors into file ../data/INEXQA2012corpus/shuf100k_H200.vec ...
2018-09-09 00:28:53,200 : INFO : Embedding process has FINISHED!!
2018-09-09 14:04:22,760 : INFO : Fitting local TFIDF weights from: ../data/INEXQA2012corpus/wikiEn_sts_clean_ph2_shuf100k.txt ...
2018-09-09 14:04:48,477 : INFO : Instantiating index object...
2018-09-09 14:05:29,208 : INFO : Loaded index database properties and connections..
2018-09-09 14:05:29,208 : INFO : Index loaded from DB file ../data/INEXQA2012corpus/wikiEn_sts_clean_ph2_shuf100k.txt.db
2018-09-09 14:05:29,208 : INFO : Fitting Sparse Random Projections for sparse coding ...
2018-09-09 14:59:32,115 : INFO : Fitting local TFIDF weights from: ../data/INEXQA2012corpus/wikiEn_sts_clean_ph2_shuf100k.txt ...
2018-09-09 14:59:59,325 : INFO : Instantiating index object...
2018-09-09 15:00:37,399 : INFO : Loaded index database properties and connections..
2018-09-09 15:00:37,399 : INFO : Index loaded from DB file ../data/INEXQA2012corpus/wikiEn_sts_clean_ph2_shuf100k.txt.db
2018-09-09 15:00:37,399 : INFO : Fitting Non-negative Matrix Factorization for sparse coding ...
/usr/local/lib/python3.4/dist-packages/sklearn/feature_extraction/text.py:1039: FutureWarning: Conversion of the second argument of issubdtype from `float` to `np.floating` is deprecated. In future, it will be treated as `np.float64 == np.dtype(float).type`.
  if hasattr(X, 'dtype') and np.issubdtype(X.dtype, np.float):
2018-09-09 19:47:47,188 : INFO : DB Vocabulary size 846267 ...
2018-09-09 19:47:47,188 : INFO : Vectorizer vocabulary size 845951 ...
2018-09-09 19:47:47,188 : INFO : Shape of resulting embedding matrix:
2018-09-09 19:47:47,189 : INFO : (200 845951)
2018-09-09 19:47:47,189 : INFO : Writing word vectors into file ../data/INEXQA2012corpus/shuf100k_H200-rdnProj.vec ...
2018-09-09 19:51:49,110 : INFO : Embedding process has FINISHED!!
2018-09-09 21:46:46,143 : INFO : Fitting local TFIDF weights from: ../data/INEXQA2012corpus/wikiEn_sts_clean_ph2_shuf100k.txt ...
2018-09-09 21:47:12,370 : INFO : Instantiating index object...
2018-09-09 21:47:51,939 : INFO : Loaded index database properties and connections..
2018-09-09 21:47:51,939 : INFO : Index loaded from DB file ../data/INEXQA2012corpus/wikiEn_sts_clean_ph2_shuf100k.txt.db
2018-09-09 21:47:51,939 : INFO : Fitting Sparse Random Projections for sparse coding ...
/usr/local/lib/python3.4/dist-packages/sklearn/feature_extraction/text.py:1039: FutureWarning: Conversion of the second argument of issubdtype from `float` to `np.floating` is deprecated. In future, it will be treated as `np.float64 == np.dtype(float).type`.
  if hasattr(X, 'dtype') and np.issubdtype(X.dtype, np.float):
2018-09-09 23:39:25,882 : INFO : DB Vocabulary size 846267 ...
2018-09-09 23:39:25,883 : INFO : Vectorizer vocabulary size 845951 ...
2018-09-09 23:39:25,883 : INFO : Shape of resulting embedding matrix:
2018-09-09 23:39:25,883 : INFO : (200 845951)
2018-09-09 23:39:25,883 : INFO : Writing word vectors into file ../data/INEXQA2012corpus/shuf100k_H200_nmf.vec ...
2018-09-09 23:43:30,083 : INFO : Embedding process has FINISHED!!
/usr/local/lib/python3.4/dist-packages/sklearn/feature_extraction/text.py:1039: FutureWarning: Conversion of the second argument of issubdtype from `float` to `np.floating` is deprecated. In future, it will be treated as `np.float64 == np.dtype(float).type`.
  if hasattr(X, 'dtype') and np.issubdtype(X.dtype, np.float):
2018-09-10 03:46:23,854 : INFO : DB Vocabulary size 846267 ...
2018-09-10 03:46:23,854 : INFO : Vectorizer vocabulary size 845951 ...
2018-09-10 03:46:23,854 : INFO : Shape of resulting embedding matrix:
2018-09-10 03:46:23,854 : INFO : (200 845951)
2018-09-10 03:46:23,854 : INFO : Writing word vectors into file ../data/INEXQA2012corpus/shuf100k_H200-svd.vec ...
2018-09-10 03:51:42,802 : INFO : Embedding process has FINISHED!!
2018-09-10 06:55:33,165 : INFO : Fitting local TFIDF weights from: ../data/INEXQA2012corpus/wikiEn_sts_clean_ph2_shuf100k.txt ...
2018-09-10 06:55:59,360 : INFO : Instantiating index object...
2018-09-10 10:18:04,539 : INFO : Fitting local TFIDF weights from: ../data/INEXQA2012corpus/wikiEn_sts_clean_ph2_shuf100k.txt ...
2018-09-10 10:18:30,731 : INFO : Instantiating index object...
2018-09-10 10:19:08,196 : INFO : Loaded index database properties and connections..
2018-09-10 10:19:08,197 : INFO : Index loaded from DB file ../data/INEXQA2012corpus/wikiEn_sts_clean_ph2_shuf100k.txt.db
2018-09-10 10:19:08,197 : INFO : Fitting SVD Projections for orthogonal coding ...
/usr/local/lib/python3.4/dist-packages/sklearn/feature_extraction/text.py:1039: FutureWarning: Conversion of the second argument of issubdtype from `float` to `np.floating` is deprecated. In future, it will be treated as `np.float64 == np.dtype(float).type`.
  if hasattr(X, 'dtype') and np.issubdtype(X.dtype, np.float):
2018-09-10 16:16:35,541 : INFO : DB Vocabulary size 846267 ...
2018-09-10 16:16:35,541 : INFO : Vectorizer vocabulary size 845951 ...
2018-09-10 16:16:35,541 : INFO : Shape of resulting embedding matrix:
2018-09-10 16:16:35,541 : INFO : (300 845951)
2018-09-10 16:16:35,541 : INFO : Writing word vectors into file ../data/INEXQA2012corpus/shuf100k_H300-svd.vec ...
2018-09-10 16:21:48,293 : INFO : Embedding process has FINISHED!!
